<?xml version="1.0" encoding="UTF-8"?>
<testng-results ignored="0" total="1" passed="1" failed="0" skipped="0">
  <reporter-output>
  </reporter-output>
  <suite started-at="2023-03-03T12:33:48 IST" name="Suite" finished-at="2023-03-03T12:35:04 IST" duration-ms="75493">
    <groups>
    </groups>
    <test started-at="2023-03-03T12:33:48 IST" name="Test" finished-at="2023-03-03T12:35:04 IST" duration-ms="75493">
      <class name="com.DS.TestLayer.AndrewToroInfoTest">
        <test-method is-config="true" signature="setupApplication()[pri:0, instance:com.DS.TestLayer.AndrewToroInfoTest@4cc451f2]" started-at="2023-03-03T12:33:48 IST" name="setupApplication" finished-at="2023-03-03T12:34:49 IST" duration-ms="60528" status="PASS">
          <reporter-output>
          </reporter-output>
        </test-method> <!-- setupApplication -->
        <test-method signature="AndrewToroInfoTest()[pri:0, instance:com.DS.TestLayer.AndrewToroInfoTest@4cc451f2]" started-at="2023-03-03T12:34:49 IST" name="AndrewToroInfoTest" finished-at="2023-03-03T12:35:02 IST" duration-ms="13311" status="PASS">
          <reporter-output>
          </reporter-output>
        </test-method> <!-- AndrewToroInfoTest -->
        <test-method is-config="true" signature="closeApplication()[pri:0, instance:com.DS.TestLayer.AndrewToroInfoTest@4cc451f2]" started-at="2023-03-03T12:35:02 IST" name="closeApplication" finished-at="2023-03-03T12:35:04 IST" duration-ms="1574" status="PASS">
          <reporter-output>
          </reporter-output>
        </test-method> <!-- closeApplication -->
      </class> <!-- com.DS.TestLayer.AndrewToroInfoTest -->
    </test> <!-- Test -->
  </suite> <!-- Suite -->
</testng-results>
